<?xml version="1.0" encoding="UTF-8"?>
<!-- Generated by org.testng.reporters.JUnitReportReporter -->
<testsuite hostname="DESKTOP-JRS8D16" failures="0" tests="2" name="loginTest.Test" time="2.582" errors="0" timestamp="2024-09-11T13:29:23 PDT" skipped="0">
  <testcase classname="loginTest.Test" name="testWithData" time="1.719"/>
  <testcase classname="loginTest.Test" name="dashboard" time="0.863"/>
</testsuite> <!-- loginTest.Test -->
