<?xml version="1.0" encoding="UTF-8"?>
<!-- Generated by org.testng.reporters.JUnitReportReporter -->
<testsuite hostname="DESKTOP-JRS8D16" failures="0" tests="2" name="loginTest.Test" time="5.390" errors="0" timestamp="2024-08-29T13:39:40 PDT" skipped="0">
  <testcase classname="loginTest.Test" name="testWithData" time="4.363"/>
  <testcase classname="loginTest.Test" name="dashboard" time="1.027"/>
</testsuite> <!-- loginTest.Test -->
