<?xml version="1.0" encoding="UTF-8"?>
<!-- Generated by org.testng.reporters.JUnitReportReporter -->
<testsuite hostname="DESKTOP-JRS8D16" failures="0" tests="3" name="loginTest.Test" time="78.532" errors="0" timestamp="2024-07-11T14:59:56 PDT" skipped="0">
  <testcase classname="loginTest.Test" name="login" time="21.404"/>
  <testcase classname="loginTest.Test" name="login" time="31.767"/>
  <testcase classname="loginTest.Test" name="login" time="25.361"/>
</testsuite> <!-- loginTest.Test -->
